*** Using Compiler 'V6.21', folder: 'D:\Keil\ARM\ARMCLANG\Bin'
Build target '01_SmartLock'
compiling main.c...
compiling dma.c...
compiling stm32f1xx_it.c...
compiling gpio.c...
compiling stm32f1xx_hal_msp.c...
compiling tim.c...
compiling stm32f1xx_hal_gpio_ex.c...
compiling usart.c...
compiling stm32f1xx_hal.c...
compiling stm32f1xx_hal_rcc_ex.c...
compiling stm32f1xx_hal_gpio.c...
compiling stm32f1xx_hal_rcc.c...
compiling stm32f1xx_hal_dma.c...
compiling stm32f1xx_hal_pwr.c...
compiling stm32f1xx_hal_cortex.c...
compiling stm32f1xx_hal_flash.c...
compiling stm32f1xx_hal_tim_ex.c...
compiling stm32f1xx_hal_flash_ex.c...
compiling stm32f1xx_hal_exti.c...
compiling display.c...
compiling system_stm32f1xx.c...
compiling ST7789.c...
compiling Key.c...
compiling password.c...
compiling stm32f1xx_hal_tim.c...
compiling Delay.c...
compiling RC522.c...
compiling stm32f1xx_hal_uart.c...
compiling ESP01.c...
compiling onenet.c...
compiling AS608.c...
compiling sccb.c...
compiling ov2640.c...
compiling motor.c...
compiling SystemFuction.c...
compiling ST7735.c...
linking...
Program Size: Code=55186 RO-data=8374 RW-data=3708 ZI-data=3492  
FromELF: creating hex file...
"01_SmartLock\01_SmartLock.axf" - 0 Error(s), 0 Warning(s).
Build Time Elapsed:  00:00:06
